Arguments: 
  C:\Program Files\nodejs\node.exe C:\Users\HP PC\AppData\Roaming\npm\node_modules\yarn\bin\yarn.js add @gorhom/bottom-sheet@^4

PATH: 
  C:\flutter\bin;C:\Python312\Scripts\;C:\Python312\;C:\Python311\Scripts\;C:\Python311\;C:\WINDOWS\system32;C:\WINDOWS;C:\WINDOWS\System32\Wbem;C:\WINDOWS\System32\WindowsPowerShell\v1.0\;C:\WINDOWS\System32\OpenSSH\;C:\ProgramData\chocolatey\bin;C:\Program Files\Git\cmd;C:\Users\HP PC\AppData\Roaming\nvm;C:\Program Files\nodejs;C:\Program Files\nodejs\;C:\xampp\php;C:\Users\HP PC\AppData\Local\Microsoft\WindowsApps;C:\Program Files\Git\bin\;C:\Program Files\Git\cmd\;C:\Users\HP PC\AppData\Roaming\nvm;C:\Program Files\nodejs;C:\Program Files\JetBrains\DataGrip 2023.3.1\bin;;C:\Users\HP PC\AppData\Roaming\npm;C:\Users\HP PC\AppData\Local\Pub\Cache\bin;C:\Users\HP PC\AppData\Local\Programs\Microsoft VS Code\bin;C:\tools\dart-sdk\bin;C:\flutter\bin;C:\Users\HP PC\Downloads\flutter_windows_3.22.1-stable\flutter\bin;

Yarn version: 
  1.22.19

Node version: 
  18.17.0

Platform: 
  win32 x64

Trace: 
  Error: https://registry.yarnpkg.com/@cloudinary/url-gen/-/url-gen-1.20.0.tgz: ESOCKETTIMEDOUT
      at ClientRequest.<anonymous> (C:\Users\HP PC\AppData\Roaming\npm\node_modules\yarn\lib\cli.js:141517:19)
      at Object.onceWrapper (node:events:628:28)
      at ClientRequest.emit (node:events:514:28)
      at TLSSocket.emitRequestTimeout (node:_http_client:847:9)
      at Object.onceWrapper (node:events:628:28)
      at TLSSocket.emit (node:events:526:35)
      at Socket._onTimeout (node:net:571:8)
      at listOnTimeout (node:internal/timers:569:17)
      at process.processTimers (node:internal/timers:512:7)

npm manifest: 
  {
    "name": "tfare",
    "main": "expo-router/entry",
    "version": "1.0.0",
    "scripts": {
      "start": "expo start",
      "reset-project": "node ./scripts/reset-project.js",
      "android": "expo start --android",
      "ios": "expo start --ios",
      "web": "expo start --web",
      "test": "jest --watchAll",
      "lint": "expo lint"
    },
    "jest": {
      "preset": "jest-expo"
    },
    "dependencies": {
      "@expo/vector-icons": "^14.0.2",
      "@react-navigation/native": "^6.0.2",
      "cloudinary-react-native": "^1.0.0",
      "expo": "~51.0.26",
      "expo-constants": "~16.0.2",
      "expo-font": "~12.0.9",
      "expo-image-picker": "~15.0.7",
      "expo-linking": "~6.3.1",
      "expo-router": "~3.5.21",
      "expo-secure-store": "~13.0.2",
      "expo-splash-screen": "~0.27.5",
      "expo-status-bar": "~1.12.1",
      "expo-system-ui": "~3.0.7",
      "expo-web-browser": "~13.0.3",
      "formik": "^2.4.6",
      "react": "18.2.0",
      "react-dom": "18.2.0",
      "react-native": "0.74.5",
      "react-native-gesture-handler": "~2.16.1",
      "react-native-paper": "^5.12.5",
      "react-native-reanimated": "~3.10.1",
      "react-native-safe-area-context": "4.10.5",
      "react-native-screens": "3.31.1",
      "react-native-snackbar": "^2.6.2",
      "react-native-swiper": "^1.6.0",
      "react-native-web": "~0.19.10",
      "yup": "^1.4.0"
    },
    "devDependencies": {
      "@babel/core": "^7.20.0",
      "@types/jest": "^29.5.12",
      "@types/react": "~18.2.45",
      "@types/react-test-renderer": "^18.0.7",
      "jest": "^29.2.1",
      "jest-expo": "~51.0.3",
      "react-test-renderer": "18.2.0",
      "typescript": "~5.3.3"
    },
    "private": true
  }

yarn manifest: 
  No manifest

Lockfile: 
  No lockfile
